# JRE version: Java(TM) SE Runtime Environment (8.0_202-b08) (build 1.8.0_202-b08)
# Java VM: Java HotSpot(TM) 64-Bit Server VM (25.202-b08 mixed mode linux-amd64 compressed oops)
Heap:
 par new generation   total 38144K, used 2255K [0x00000000e8000000, 0x00000000ea960000, 0x00000000f0000000)
  eden space 33920K,   6% used [0x00000000e8000000, 0x00000000e8233fb0, 0x00000000ea120000)
  from space 4224K,   0% used [0x00000000ea540000, 0x00000000ea540000, 0x00000000ea960000)
  to   space 4224K,   0% used [0x00000000ea120000, 0x00000000ea120000, 0x00000000ea540000)
 concurrent mark-sweep generation total 84672K, used 734K [0x00000000f0000000, 0x00000000f52b0000, 0x0000000100000000)
 Metaspace       used 6644K, capacity 6848K, committed 7040K, reserved 1056768K
  class space    used 695K, capacity 792K, committed 896K, reserved 1048576K
GC Heap History (10 events):
Event: 28939.729 GC heap before
{Heap before GC invocations=118 (full 117):
 par new generation   total 38144K, used 678K [0x00000000e8000000, 0x00000000ea960000, 0x00000000f0000000)
  eden space 33920K,   2% used [0x00000000e8000000, 0x00000000e80a99d8, 0x00000000ea120000)
  from space 4224K,   0% used [0x00000000ea540000, 0x00000000ea540000, 0x00000000ea960000)
  to   space 4224K,   0% used [0x00000000ea120000, 0x00000000ea120000, 0x00000000ea540000)
 concurrent mark-sweep generation total 84672K, used 734K [0x00000000f0000000, 0x00000000f52b0000, 0x0000000100000000)
 Metaspace       used 6597K, capacity 6848K, committed 7040K, reserved 1056768K
  class space    used 695K, capacity 792K, committed 896K, reserved 1048576K
Event: 28939.736 GC heap after
Heap after GC invocations=119 (full 118):
 par new generation   total 38144K, used 0K [0x00000000e8000000, 0x00000000ea960000, 0x00000000f0000000)
  eden space 33920K,   0% used [0x00000000e8000000, 0x00000000e8000000, 0x00000000ea120000)
  from space 4224K,   0% used [0x00000000ea540000, 0x00000000ea540000, 0x00000000ea960000)
  to   space 4224K,   0% used [0x00000000ea120000, 0x00000000ea120000, 0x00000000ea540000)
 concurrent mark-sweep generation total 84672K, used 734K [0x00000000f0000000, 0x00000000f52b0000, 0x0000000100000000)
 Metaspace       used 6597K, capacity 6848K, committed 7040K, reserved 1056768K
  class space    used 695K, capacity 792K, committed 896K, reserved 1048576K
}
Event: 42155.777 GC heap before
{Heap before GC invocations=119 (full 118):
 par new generation   total 38144K, used 2908K [0x00000000e8000000, 0x00000000ea960000, 0x00000000f0000000)
  eden space 33920K,   8% used [0x00000000e8000000, 0x00000000e82d73f8, 0x00000000ea120000)
  from space 4224K,   0% used [0x00000000ea540000, 0x00000000ea540000, 0x00000000ea960000)
  to   space 4224K,   0% used [0x00000000ea120000, 0x00000000ea120000, 0x00000000ea540000)
 concurrent mark-sweep generation total 84672K, used 734K [0x00000000f0000000, 0x00000000f52b0000, 0x0000000100000000)
 Metaspace       used 6627K, capacity 6848K, committed 7040K, reserved 1056768K
  class space    used 695K, capacity 792K, committed 896K, reserved 1048576K
Event: 42155.783 GC heap after
Heap after GC invocations=120 (full 119):
 par new generation   total 38144K, used 0K [0x00000000e8000000, 0x00000000ea960000, 0x00000000f0000000)
  eden space 33920K,   0% used [0x00000000e8000000, 0x00000000e8000000, 0x00000000ea120000)
  from space 4224K,   0% used [0x00000000ea540000, 0x00000000ea540000, 0x00000000ea960000)
  to   space 4224K,   0% used [0x00000000ea120000, 0x00000000ea120000, 0x00000000ea540000)
 concurrent mark-sweep generation total 84672K, used 734K [0x00000000f0000000, 0x00000000f52b0000, 0x0000000100000000)
 Metaspace       used 6627K, capacity 6848K, committed 7040K, reserved 1056768K
  class space    used 695K, capacity 792K, committed 896K, reserved 1048576K
}
Event: 42155.784 GC heap before
{Heap before GC invocations=120 (full 119):
 par new generation   total 38144K, used 339K [0x00000000e8000000, 0x00000000ea960000, 0x00000000f0000000)
  eden space 33920K,   1% used [0x00000000e8000000, 0x00000000e8054ce8, 0x00000000ea120000)
  from space 4224K,   0% used [0x00000000ea540000, 0x00000000ea540000, 0x00000000ea960000)
  to   space 4224K,   0% used [0x00000000ea120000, 0x00000000ea120000, 0x00000000ea540000)
 concurrent mark-sweep generation total 84672K, used 734K [0x00000000f0000000, 0x00000000f52b0000, 0x0000000100000000)
 Metaspace       used 6627K, capacity 6848K, committed 7040K, reserved 1056768K
  class space    used 695K, capacity 792K, committed 896K, reserved 1048576K
Event: 42155.787 GC heap after
Heap after GC invocations=121 (full 120):
 par new generation   total 38144K, used 0K [0x00000000e8000000, 0x00000000ea960000, 0x00000000f0000000)
  eden space 33920K,   0% used [0x00000000e8000000, 0x00000000e8000000, 0x00000000ea120000)
  from space 4224K,   0% used [0x00000000ea540000, 0x00000000ea540000, 0x00000000ea960000)
  to   space 4224K,   0% used [0x00000000ea120000, 0x00000000ea120000, 0x00000000ea540000)
 concurrent mark-sweep generation total 84672K, used 734K [0x00000000f0000000, 0x00000000f52b0000, 0x0000000100000000)
 Metaspace       used 6627K, capacity 6848K, committed 7040K, reserved 1056768K
  class space    used 695K, capacity 792K, committed 896K, reserved 1048576K
}
Event: 49267.740 GC heap before
{Heap before GC invocations=121 (full 120):
 par new generation   total 38144K, used 2010K [0x00000000e8000000, 0x00000000ea960000, 0x00000000f0000000)
  eden space 33920K,   5% used [0x00000000e8000000, 0x00000000e81f6888, 0x00000000ea120000)
  from space 4224K,   0% used [0x00000000ea540000, 0x00000000ea540000, 0x00000000ea960000)
  to   space 4224K,   0% used [0x00000000ea120000, 0x00000000ea120000, 0x00000000ea540000)
 concurrent mark-sweep generation total 84672K, used 734K [0x00000000f0000000, 0x00000000f52b0000, 0x0000000100000000)
 Metaspace       used 6638K, capacity 6848K, committed 7040K, reserved 1056768K
  class space    used 695K, capacity 792K, committed 896K, reserved 1048576K
Event: 49267.748 GC heap after
Heap after GC invocations=122 (full 121):
 par new generation   total 38144K, used 0K [0x00000000e8000000, 0x00000000ea960000, 0x00000000f0000000)
  eden space 33920K,   0% used [0x00000000e8000000, 0x00000000e8000000, 0x00000000ea120000)
  from space 4224K,   0% used [0x00000000ea540000, 0x00000000ea540000, 0x00000000ea960000)
  to   space 4224K,   0% used [0x00000000ea120000, 0x00000000ea120000, 0x00000000ea540000)
 concurrent mark-sweep generation total 84672K, used 734K [0x00000000f0000000, 0x00000000f52b0000, 0x0000000100000000)
 Metaspace       used 6638K, capacity 6848K, committed 7040K, reserved 1056768K
  class space    used 695K, capacity 792K, committed 896K, reserved 1048576K
}
Event: 49267.748 GC heap before
{Heap before GC invocations=122 (full 121):
 par new generation   total 38144K, used 339K [0x00000000e8000000, 0x00000000ea960000, 0x00000000f0000000)
  eden space 33920K,   0% used [0x00000000e8000000, 0x00000000e8054cc8, 0x00000000ea120000)
  from space 4224K,   0% used [0x00000000ea540000, 0x00000000ea540000, 0x00000000ea960000)
  to   space 4224K,   0% used [0x00000000ea120000, 0x00000000ea120000, 0x00000000ea540000)
 concurrent mark-sweep generation total 84672K, used 734K [0x00000000f0000000, 0x00000000f52b0000, 0x0000000100000000)
 Metaspace       used 6638K, capacity 6848K, committed 7040K, reserved 1056768K
  class space    used 695K, capacity 792K, committed 896K, reserved 1048576K
Event: 49267.753 GC heap after
Heap after GC invocations=123 (full 122):
 par new generation   total 38144K, used 0K [0x00000000e8000000, 0x00000000ea960000, 0x00000000f0000000)
  eden space 33920K,   0% used [0x00000000e8000000, 0x00000000e8000000, 0x00000000ea120000)
  from space 4224K,   0% used [0x00000000ea540000, 0x00000000ea540000, 0x00000000ea960000)
  to   space 4224K,   0% used [0x00000000ea120000, 0x00000000ea120000, 0x00000000ea540000)
 concurrent mark-sweep generation total 84672K, used 734K [0x00000000f0000000, 0x00000000f52b0000, 0x0000000100000000)
 Metaspace       used 6638K, capacity 6848K, committed 7040K, reserved 1056768K
  class space    used 695K, capacity 792K, committed 896K, reserved 1048576K
}

